Active-HDL 10.5.217.6767 2019-05-23 14:27:31

Elaboration top modules:
Architecture                  arh_comp(reclama)


---------------------------------------------------------------------------------------------
Entity   | Architecture | Library     | Info | Compiler Version        | Compilation Options
---------------------------------------------------------------------------------------------
reclama  | arh_comp     | reclama_mea |      | 10.5.217.6767 (Windows) | -O3
---------------------------------------------------------------------------------------------

---------------------------------------------------------------------------------------------
VHDL Package            | Library     | Info | Compiler Version        | Compilation Options
---------------------------------------------------------------------------------------------
standard                | std         |      |                         | <unavailable>
TEXTIO                  | std         |      |                         | <unavailable>
std_logic_1164          | ieee        |      |                         | <unavailable>
std_logic_arith         | ieee        |      |                         | <unavailable>
STD_LOGIC_UNSIGNED      | ieee        |      |                         | <unavailable>
---------------------------------------------------------------------------------------------

---------------------------------------------------------------------------------------------
Library                 | Comment
---------------------------------------------------------------------------------------------
ieee                    | Standard IEEE packages library
reclama_mea             | None
std                     | Standard VHDL library
---------------------------------------------------------------------------------------------
